#
# There is insufficient memory for the Java Runtime Environment to continue.
# Native memory allocation (mmap) failed to map 4294967296 bytes for G1 virtual space
# Possible reasons:
#   The system is out of physical RAM or swap space
#   The process is running with CompressedOops enabled, and the Java Heap may be blocking the growth of the native heap
# Possible solutions:
#   Reduce memory load on the system
#   Increase physical memory or swap space
#   Check if swap backing store is full
#   Decrease Java heap size (-Xmx/-Xms)
#   Decrease number of Java threads
#   Decrease Java thread stack sizes (-Xss)
#   Set larger code cache with -XX:ReservedCodeCacheSize=
#   JVM is running with Zero Based Compressed Oops mode in which the Java heap is
#     placed in the first 32GB address space. The Java Heap base address is the
#     maximum limit for the native heap growth. Please use -XX:HeapBaseMinAddress
#     to set the Java Heap base and to place the Java Heap above 32GB virtual address.
# This output file may be truncated or incomplete.
#
#  Out of Memory Error (os_windows.cpp:3466), pid=17352, tid=11812
#
# JRE version:  (16.0.2+7) (build )
# Java VM: Java HotSpot(TM) 64-Bit Server VM (16.0.2+7-67, mixed mode, sharing, tiered, compressed oops, compressed class ptrs, g1 gc, windows-amd64)
# No core dump will be written. Minidumps are not enabled by default on client versions of Windows
#

---------------  S U M M A R Y ------------

Command Line: -Xms4G -Xmx4G -XX:CompileCommandFile=C:\Users\HOSSEI~1.JAL\AppData\Local\Temp\jmh7666213006290353189compilecommand org.openjdk.jmh.runner.ForkedMain 127.0.0.1 54305

Host: Intel(R) Core(TM) i3-9100 CPU @ 3.60GHz, 4 cores, 15G,  Windows 10 , 64 bit Build 19041 (10.0.19041.1566)
Time: Mon Mar 14 15:25:32 2022 Iran Standard Time elapsed time: 0.034557 seconds (0d 0h 0m 0s)

---------------  T H R E A D  ---------------

Current thread (0x0000029e7882d4f0):  JavaThread "Unknown thread" [_thread_in_vm, id=11812, stack(0x000000d624500000,0x000000d624600000)]

Stack: [0x000000d624500000,0x000000d624600000]
Native frames: (J=compiled Java code, j=interpreted, Vv=VM code, C=native code)
V  [jvm.dll+0x6681ca]
V  [jvm.dll+0x7c9e69]
V  [jvm.dll+0x7cb61e]
V  [jvm.dll+0x7cbc73]
V  [jvm.dll+0x242c55]
V  [jvm.dll+0x664f89]
V  [jvm.dll+0x659b75]
V  [jvm.dll+0x2fbfbb]
V  [jvm.dll+0x3031b6]
V  [jvm.dll+0x35299e]
V  [jvm.dll+0x352bcf]
V  [jvm.dll+0x2d3028]
V  [jvm.dll+0x2d4264]
V  [jvm.dll+0x79c741]
V  [jvm.dll+0x360791]
V  [jvm.dll+0x77a3f0]
V  [jvm.dll+0x3e4e8f]
V  [jvm.dll+0x3e6961]
C  [jli.dll+0x52fb]
C  [ucrtbase.dll+0x21bb2]
C  [KERNEL32.DLL+0x17034]
C  [ntdll.dll+0x52651]


---------------  P R O C E S S  ---------------

Threads class SMR info:
_java_thread_list=0x00007ffff294cbb8, length=0, elements={
}

Java Threads: ( => current thread )

Other Threads:
  0x0000029e7887bec0 GCTaskThread "GC Thread#0" [stack: 0x000000d624600000,0x000000d624700000] [id=7896]
  0x0000029e7888fad0 ConcurrentGCThread "G1 Main Marker" [stack: 0x000000d624700000,0x000000d624800000] [id=16860]
  0x0000029e78890c70 ConcurrentGCThread "G1 Conc#0" [stack: 0x000000d624800000,0x000000d624900000] [id=12076]

[error occurred during error reporting (printing all threads), id 0xc0000005, EXCEPTION_ACCESS_VIOLATION (0xc0000005) at pc=0x00007ffff2123ee7]

VM state: not at safepoint (not fully initialized)

VM Mutex/Monitor currently owned by a thread:  ([mutex/lock_event])
[0x0000029e7882ae60] Heap_lock - owner thread: 0x0000029e7882d4f0

Heap address: 0x0000000700000000, size: 4096 MB, Compressed Oops mode: Zero based, Oop shift amount: 3

CDS archive(s) mapped at: [0x0000000000000000-0x0000000000000000-0x0000000000000000), size 0, SharedBaseAddress: 0x0000000800000000, ArchiveRelocationMode: 0.
Narrow klass base: 0x0000000000000000, Narrow klass shift: 0, Narrow klass range: 0x0

GC Precious Log:
<Empty>

Heap:
 garbage-first heap   total 0K, used 0K [0x0000000700000000, 0x0000000800000000)
  region size 2048K, 0 young (0K), 0 survivors (0K)

[error occurred during error reporting (printing heap information), id 0xc0000005, EXCEPTION_ACCESS_VIOLATION (0xc0000005) at pc=0x00007ffff2501eed]

GC Heap History (0 events):
No events

Deoptimization events (0 events):
No events

Classes unloaded (0 events):
No events

Classes redefined (0 events):
No events

Internal exceptions (0 events):
No events

Events (1 events):
Event: 0.004 Loaded shared library D:\java16\bin\java.dll


Dynamic libraries:
0x00007ff70ed90000 - 0x00007ff70eda0000 	D:\java16\bin\java.exe
0x00007ff83b470000 - 0x00007ff83b665000 	C:\WINDOWS\SYSTEM32\ntdll.dll
0x00007ff83b300000 - 0x00007ff83b3be000 	C:\WINDOWS\System32\KERNEL32.DLL
0x00007ff838c90000 - 0x00007ff838f58000 	C:\WINDOWS\System32\KERNELBASE.dll
0x00007ff839030000 - 0x00007ff839130000 	C:\WINDOWS\System32\ucrtbase.dll
0x00007ff82a3e0000 - 0x00007ff82a3f9000 	D:\java16\bin\VCRUNTIME140.dll
0x00007ff829fe0000 - 0x00007ff829ff8000 	D:\java16\bin\jli.dll
0x00007ff83abe0000 - 0x00007ff83ac8e000 	C:\WINDOWS\System32\ADVAPI32.dll
0x00007ff83ac90000 - 0x00007ff83ad2e000 	C:\WINDOWS\System32\msvcrt.dll
0x00007ff83a300000 - 0x00007ff83a39c000 	C:\WINDOWS\System32\sechost.dll
0x00007ff83a3a0000 - 0x00007ff83a4c5000 	C:\WINDOWS\System32\RPCRT4.dll
0x00007ff83a7d0000 - 0x00007ff83a970000 	C:\WINDOWS\System32\USER32.dll
0x00007ff839000000 - 0x00007ff839022000 	C:\WINDOWS\System32\win32u.dll
0x00007ff83a0f0000 - 0x00007ff83a11b000 	C:\WINDOWS\System32\GDI32.dll
0x00007ff8393c0000 - 0x00007ff8394cb000 	C:\WINDOWS\System32\gdi32full.dll
0x00007ff81a980000 - 0x00007ff81ac1a000 	C:\WINDOWS\WinSxS\amd64_microsoft.windows.common-controls_6595b64144ccf1df_6.0.19041.1110_none_60b5254171f9507e\COMCTL32.dll
0x00007ff838f60000 - 0x00007ff838ffd000 	C:\WINDOWS\System32\msvcp_win.dll
0x00007ff834dc0000 - 0x00007ff834dca000 	C:\WINDOWS\SYSTEM32\VERSION.dll
0x00007ff83a590000 - 0x00007ff83a5c0000 	C:\WINDOWS\System32\IMM32.DLL
0x00007ff8357d0000 - 0x00007ff8357dc000 	D:\java16\bin\vcruntime140_1.dll
0x00007ff827bf0000 - 0x00007ff827c81000 	D:\java16\bin\msvcp140.dll
0x00007ffff1e40000 - 0x00007ffff29eb000 	D:\java16\bin\server\jvm.dll
0x00007ff83a7c0000 - 0x00007ff83a7c8000 	C:\WINDOWS\System32\PSAPI.DLL
0x00007ff81eb90000 - 0x00007ff81eb99000 	C:\WINDOWS\SYSTEM32\WSOCK32.dll
0x00007ff83b3c0000 - 0x00007ff83b42b000 	C:\WINDOWS\System32\WS2_32.dll
0x00007ff81eba0000 - 0x00007ff81ebc7000 	C:\WINDOWS\SYSTEM32\WINMM.dll
0x00007ff836a80000 - 0x00007ff836a92000 	C:\WINDOWS\SYSTEM32\kernel.appcore.dll
0x00007ff82a350000 - 0x00007ff82a35a000 	D:\java16\bin\jimage.dll
0x00007ff8306e0000 - 0x00007ff8308c4000 	C:\WINDOWS\SYSTEM32\DBGHELP.DLL
0x00007ff8306a0000 - 0x00007ff8306cc000 	C:\WINDOWS\SYSTEM32\dbgcore.DLL
0x00007ff8391a0000 - 0x00007ff839222000 	C:\WINDOWS\System32\bcryptPrimitives.dll
0x00007ff829800000 - 0x00007ff829825000 	D:\java16\bin\java.dll

dbghelp: loaded successfully - version: 4.0.5 - missing functions: none
symbol engine: initialized successfully - sym options: 0x614 - pdb path: .;D:\java16\bin;C:\WINDOWS\SYSTEM32;C:\WINDOWS\WinSxS\amd64_microsoft.windows.common-controls_6595b64144ccf1df_6.0.19041.1110_none_60b5254171f9507e;D:\java16\bin\server

VM Arguments:
jvm_args: -Xms4G -Xmx4G -XX:CompileCommandFile=C:\Users\HOSSEI~1.JAL\AppData\Local\Temp\jmh7666213006290353189compilecommand 
java_command: org.openjdk.jmh.runner.ForkedMain 127.0.0.1 54305
java_class_path (initial): D:\Java_Biz_Projects\JavaAdvancedCodingSample\target\classes;C:\Users\hosseini.jalal\.m2\repository\junit\junit\4.13.1\junit-4.13.1.jar;C:\Users\hosseini.jalal\.m2\repository\org\hamcrest\hamcrest-core\1.3\hamcrest-core-1.3.jar;C:\Users\hosseini.jalal\.m2\repository\org\junit\jupiter\junit-jupiter\5.7.0\junit-jupiter-5.7.0.jar;C:\Users\hosseini.jalal\.m2\repository\org\junit\jupiter\junit-jupiter-api\5.7.0\junit-jupiter-api-5.7.0.jar;C:\Users\hosseini.jalal\.m2\repository\org\apiguardian\apiguardian-api\1.1.0\apiguardian-api-1.1.0.jar;C:\Users\hosseini.jalal\.m2\repository\org\opentest4j\opentest4j\1.2.0\opentest4j-1.2.0.jar;C:\Users\hosseini.jalal\.m2\repository\org\junit\platform\junit-platform-commons\1.7.0\junit-platform-commons-1.7.0.jar;C:\Users\hosseini.jalal\.m2\repository\org\junit\jupiter\junit-jupiter-params\5.7.0\junit-jupiter-params-5.7.0.jar;C:\Users\hosseini.jalal\.m2\repository\org\junit\jupiter\junit-jupiter-engine\5.7.0\junit-jupiter-engine-5.7.0.jar;C:\Users\hosseini.jalal\.m2\repository\org\junit\platform\junit-platform-engine\1.7.0\junit-platform-engine-1.7.0.jar;D:\javafx17\lib\javafx-swt.jar;D:\javafx17\lib\javafx.base.jar;D:\javafx17\lib\javafx.controls.jar;D:\javafx17\lib\javafx.fxml.jar;D:\javafx17\lib\javafx.graphics.jar;D:\javafx17\lib\javafx.media.jar;D:\javafx17\lib\javafx.swing.jar;D:\javafx17\lib\javafx.web.jar;D:\Java_Biz_Projects\JavaAdvancedCodingSample\lib\jmh-core-1.34.jar;D:\Java_Biz_Projects\JavaAdvancedCodingSample\lib\jmh-generator-annprocess-1.34.jar;C:\Users\hosseini.jalal\.m2\repository\org\openjdk\jmh\jmh-core\1.34\jmh-core-1.34.jar;C:\Users\hosseini.jalal\.m2\repository\net\sf\jopt-simple\jopt-simple\5.0.4\jopt-simple-5.0.4.jar;C:\Users\hosseini.jalal\.m2\repository\org\apache\commons\commons-math3\3.2\commons-math3-3.2.jar;C:\Users\hosseini.jalal\.m2\repository\org\openjdk\jmh\jmh-generator-annprocess\1.34\jmh-generator-annprocess-1.34.jar
Launcher Type: SUN_STANDARD

[Global flags]
     intx CICompilerCount                          = 3                                         {product} {ergonomic}
    ccstr CompileCommandFile                       = C:\Users\HOSSEI~1.JAL\AppData\Local\Temp\jmh7666213006290353189compilecommand            {product} {command line}
     uint ConcGCThreads                            = 1                                         {product} {ergonomic}
     uint G1ConcRefinementThreads                  = 4                                         {product} {ergonomic}
   size_t G1HeapRegionSize                         = 2097152                                   {product} {ergonomic}
    uintx GCDrainStackTargetSize                   = 64                                        {product} {ergonomic}
   size_t InitialHeapSize                          = 4294967296                                {product} {command line}
   size_t MarkStackSize                            = 4194304                                   {product} {ergonomic}
   size_t MaxHeapSize                              = 4294967296                                {product} {command line}
   size_t MinHeapDeltaBytes                        = 2097152                                   {product} {ergonomic}
   size_t MinHeapSize                              = 4294967296                                {product} {command line}
    uintx NonNMethodCodeHeapSize                   = 5832780                                {pd product} {ergonomic}
    uintx NonProfiledCodeHeapSize                  = 122912730                              {pd product} {ergonomic}
    uintx ProfiledCodeHeapSize                     = 122912730                              {pd product} {ergonomic}
    uintx ReservedCodeCacheSize                    = 251658240                              {pd product} {ergonomic}
     bool SegmentedCodeCache                       = true                                      {product} {ergonomic}
   size_t SoftMaxHeapSize                          = 4294967296                             {manageable} {ergonomic}
     bool UseCompressedClassPointers               = true                           {product lp64_product} {ergonomic}
     bool UseCompressedOops                        = true                           {product lp64_product} {ergonomic}
     bool UseG1GC                                  = true                                      {product} {ergonomic}
     bool UseLargePagesIndividualAllocation        = false                                  {pd product} {ergonomic}

Logging:
Log output configuration:
 #0: stdout all=warning uptime,level,tags
 #1: stderr all=off uptime,level,tags

Environment Variables:
JAVA_HOME=D:\java16
PATH=C:\Python310\Scripts\;C:\Python310\;C:\Program Files\Common Files\Oracle\Java\javapath;C:\Program Files (x86)\Intel\iCLS Client\;C:\Program Files\Intel\iCLS Client\;C:\Windows\system32;C:\Windows;C:\Windows\System32\Wbem;C:\Windows\System32\WindowsPowerShell\v1.0\;C:\Windows\System32\OpenSSH\;C:\Program Files (x86)\Intel\Intel(R) Management Engine Components\DAL;C:\Program Files\Intel\Intel(R) Management Engine Components\DAL;C:\Program Files (x86)\Intel\Intel(R) Management Engine Components\IPT;C:\Program Files\Intel\Intel(R) Management Engine Components\IPT;C:\Program Files (x86)\AMD\ATI.ACE\Core-Static;C:\Program Files\Git\cmd;D:\apachemaven3.8.3\bin;D:\java16\bin;C:\Program Files (x86)\ATI Technologies\ATI.ACE\Core-Static;C:\minikube\minikube.exe;C:\minikube;C:\WINDOWS\system32;C:\WINDOWS;C:\WINDOWS\System32\Wbem;C:\WINDOWS\System32\WindowsPowerShell\v1.0\;C:\WINDOWS\System32\OpenSSH\;C:\ProgramData\chocolatey\bin;C:\nodejs\;C:\Program Files\Amazon\AWSCLIV2\;C:\Program Files\Docker\Docker\resources\bin;C:\ProgramData\DockerDesktop\version-bin;D:\javafx17\bin;;C:\Program Files\Microsoft VS Code\bin;C:\Users\hosseini.jalal\AppData\Local\Microsoft\WindowsApps;;D:\IntelliJIDEA2021.2\bin;;C:\Users\hosseini.jalal\AppData\Roaming\npm
USERNAME=Hosseini.Jalal
OS=Windows_NT
PROCESSOR_IDENTIFIER=Intel64 Family 6 Model 158 Stepping 11, GenuineIntel



---------------  S Y S T E M  ---------------

OS:
 Windows 10 , 64 bit Build 19041 (10.0.19041.1566)
OS uptime: 1 days 23:37 hours
Hyper-V role detected

CPU: total 4 (initial active 4) (4 cores per cpu, 1 threads per core) family 6 model 158 stepping 11 microcode 0xd6, cx8, cmov, fxsr, mmx, 3dnowpref, sse, sse2, sse3, ssse3, sse4.1, sse4.2, popcnt, lzcnt, tsc, tscinvbit, avx, avx2, aes, erms, clmul, bmi1, bmi2, adx, fma, vzeroupper, clflush, clflushopt, hv

Memory: 4k page, system-wide physical 16260M (2629M free)
TotalPageFile size 19936M (AvailPageFile size 772M)
current process WorkingSet (physical memory assigned to process): 10M, peak: 10M
current process commit charge ("private bytes"): 51M, peak: 4147M

vm_info: Java HotSpot(TM) 64-Bit Server VM (16.0.2+7-67) for windows-amd64 JRE (16.0.2+7-67), built on Jun  8 2021 23:24:19 by "mach5one" with MS VC++ 16.7 (VS2019)

END.
